TN:
SF:src/expense/core.js
FN:9,addExpense
FN:25,calculateTotal
FN:50,loadExpenses
FN:63,saveExpenses
FNF:4
FNH:2
FNDA:2,addExpense
FNDA:2,calculateTotal
FNDA:0,loadExpenses
FNDA:0,saveExpenses
DA:1,1
DA:2,1
DA:3,1
DA:4,1
DA:5,1
DA:6,1
DA:7,1
DA:8,1
DA:9,1
DA:10,2
DA:11,2
DA:12,2
DA:13,1
DA:14,1
DA:15,1
DA:16,1
DA:17,1
DA:18,1
DA:19,1
DA:20,1
DA:21,1
DA:22,1
DA:23,1
DA:24,1
DA:25,1
DA:26,2
DA:27,2
DA:29,2
DA:30,0
DA:31,0
DA:32,2
DA:33,1
DA:34,1
DA:36,2
DA:37,2
DA:38,2
DA:39,1
DA:40,1
DA:42,2
DA:43,0
DA:44,0
DA:45,0
DA:46,2
DA:47,2
DA:48,2
DA:49,1
DA:50,1
DA:51,0
DA:52,0
DA:53,0
DA:54,0
DA:55,0
DA:56,0
DA:57,0
DA:58,0
DA:59,0
DA:60,0
DA:61,1
DA:62,1
DA:63,1
DA:64,0
DA:65,0
DA:66,0
DA:67,0
DA:68,0
DA:69,0
DA:70,0
DA:71,0
LF:68
LH:45
BRDA:9,0,0,2
BRDA:25,1,0,2
BRDA:29,2,0,1
BRDA:29,3,0,0
BRDA:32,4,0,1
BRDA:38,5,0,1
BRDA:42,6,0,0
BRDA:39,7,0,3
BRDA:47,8,0,4
BRF:9
BRH:7
end_of_record
TN:
SF:src/expense/index.js
FN:1,(empty-report)
FNF:1
FNH:0
FNDA:0,(empty-report)
DA:1,0
DA:7,0
DA:8,0
DA:9,0
DA:10,0
DA:11,0
DA:12,0
DA:13,0
DA:14,0
DA:15,0
DA:16,0
DA:17,0
DA:18,0
DA:19,0
DA:20,0
DA:21,0
DA:22,0
DA:23,0
DA:24,0
DA:25,0
DA:26,0
DA:27,0
DA:28,0
DA:29,0
DA:30,0
DA:31,0
DA:32,0
DA:33,0
DA:34,0
DA:35,0
DA:36,0
DA:37,0
DA:38,0
DA:39,0
DA:40,0
DA:41,0
DA:42,0
DA:43,0
DA:44,0
DA:45,0
DA:46,0
DA:47,0
DA:48,0
DA:49,0
DA:50,0
DA:51,0
DA:52,0
DA:53,0
DA:54,0
DA:55,0
DA:56,0
DA:57,0
DA:58,0
DA:59,0
DA:60,0
DA:61,0
DA:62,0
DA:63,0
DA:64,0
DA:65,0
DA:66,0
DA:67,0
DA:68,0
DA:69,0
DA:70,0
DA:71,0
DA:72,0
DA:73,0
DA:74,0
DA:75,0
DA:76,0
DA:77,0
DA:78,0
DA:79,0
DA:80,0
DA:81,0
DA:82,0
DA:83,0
DA:84,0
DA:85,0
DA:86,0
DA:87,0
DA:88,0
DA:89,0
DA:90,0
DA:91,0
DA:92,0
DA:93,0
DA:94,0
DA:95,0
DA:96,0
DA:97,0
DA:98,0
DA:99,0
LF:94
LH:0
BRDA:1,0,0,0
BRF:1
BRH:0
end_of_record
TN:
SF:src/hello/index.js
FN:5,formatGreeting
FN:13,showHelp
FN:23,runCli
FNF:3
FNH:2
FNDA:4,formatGreeting
FNDA:0,showHelp
FNDA:1,runCli
DA:1,1
DA:2,1
DA:3,1
DA:4,1
DA:5,1
DA:6,4
DA:7,4
DA:8,1
DA:9,1
DA:10,4
DA:11,4
DA:13,0
DA:14,0
DA:15,0
DA:16,0
DA:17,0
DA:18,0
DA:20,1
DA:21,1
DA:22,1
DA:23,1
DA:24,1
DA:25,1
DA:26,1
DA:27,1
DA:28,1
DA:29,1
DA:30,1
DA:31,1
DA:32,1
DA:33,1
DA:35,1
DA:36,0
DA:37,0
DA:38,0
DA:40,1
DA:41,0
DA:42,0
DA:43,0
DA:44,0
DA:45,0
DA:47,1
DA:48,1
DA:49,1
DA:51,1
DA:52,1
LF:46
LH:32
BRDA:5,0,0,4
BRDA:7,1,0,1
BRDA:23,2,0,1
BRDA:35,3,0,0
BRDA:40,4,0,0
BRDA:40,5,0,0
BRF:6
BRH:3
end_of_record
TN:
SF:src/quote/core.js
FN:7,pickRandom
FN:15,filterByAuthor
FN:21,formatQuote
FNF:3
FNH:3
FNDA:13,pickRandom
FNDA:17,filterByAuthor
FNDA:12,formatQuote
DA:1,1
DA:2,1
DA:3,1
DA:4,1
DA:5,1
DA:7,1
DA:8,13
DA:9,4
DA:10,4
DA:11,9
DA:12,9
DA:13,9
DA:15,1
DA:16,17
DA:17,14
DA:18,14
DA:19,14
DA:21,1
DA:22,12
DA:23,12
LF:20
LH:20
BRDA:7,0,0,13
BRDA:8,1,0,11
BRDA:8,2,0,12
BRDA:8,3,0,4
BRDA:10,4,0,9
BRDA:15,5,0,17
BRDA:16,6,0,3
BRDA:16,7,0,14
BRDA:18,8,0,42
BRDA:18,9,0,2
BRDA:21,10,0,12
BRF:11
BRH:11
end_of_record
TN:
SF:src/quote/index.js
FN:4,run
FNF:1
FNH:1
FNDA:13,run
DA:1,1
DA:2,1
DA:4,13
DA:5,13
DA:6,13
DA:7,13
DA:8,13
DA:9,1
DA:10,1
DA:11,1
DA:12,12
DA:13,12
DA:14,13
DA:16,13
DA:17,13
DA:18,8
DA:19,8
DA:20,5
DA:21,5
DA:22,5
DA:23,3
DA:24,3
DA:26,7
DA:27,7
DA:28,7
DA:29,7
DA:30,13
DA:31,0
DA:32,0
DA:33,0
DA:34,13
DA:36,1
DA:37,0
DA:38,0
DA:39,0
DA:40,0
LF:36
LH:29
BRDA:36,0,0,0
BRDA:4,1,0,13
BRDA:8,2,0,1
BRDA:11,3,0,12
BRDA:14,4,0,10
BRDA:14,5,0,2
BRDA:17,6,0,8
BRDA:19,7,0,5
BRDA:22,8,0,3
BRDA:24,9,0,7
BRDA:30,10,0,0
BRF:11
BRH:9
end_of_record
TN:
SF:src/stopwatch/core.js
FN:6,formatTime
FN:21,createStopwatch
FN:26,get startTime
FN:29,get laps
FN:33,start
FN:38,lap
FNF:6
FNH:6
FNDA:9,formatTime
FNDA:3,createStopwatch
FNDA:1,get startTime
FNDA:2,get laps
FNDA:1,start
FNDA:3,lap
DA:1,1
DA:2,1
DA:3,1
DA:4,1
DA:5,1
DA:6,1
DA:7,9
DA:8,9
DA:9,9
DA:11,9
DA:12,9
DA:13,9
DA:15,9
DA:16,9
DA:18,1
DA:19,1
DA:20,1
DA:21,1
DA:22,3
DA:23,3
DA:25,3
DA:26,3
DA:27,1
DA:28,3
DA:29,3
DA:30,2
DA:31,3
DA:33,3
DA:34,1
DA:35,1
DA:36,3
DA:38,3
DA:39,3
DA:40,1
DA:41,1
DA:42,2
DA:43,2
DA:44,2
DA:45,2
DA:46,3
DA:47,3
DA:48,3
LF:42
LH:42
BRDA:6,0,0,9
BRDA:21,1,0,3
BRDA:26,2,0,1
BRDA:29,3,0,2
BRDA:33,4,0,1
BRDA:38,5,0,3
BRDA:39,6,0,1
BRDA:41,7,0,2
BRDA:43,8,0,1
BRF:9
BRH:9
end_of_record
TN:
SF:src/stopwatch/exporter.js
FN:3,exportLapsAsTable
FNF:1
FNH:1
FNDA:2,exportLapsAsTable
DA:1,1
DA:3,1
DA:4,2
DA:5,2
DA:6,1
DA:7,1
DA:8,1
LF:7
LH:7
BRDA:3,0,0,2
BRDA:5,1,0,1
BRDA:6,2,0,2
BRF:3
BRH:3
end_of_record
TN:
SF:src/stopwatch/index.js
FN:6,showHelp
FN:16,readState
FN:25,writeState
FN:29,run
FNF:4
FNH:4
FNDA:2,showHelp
FNDA:8,readState
FNDA:15,writeState
FNDA:19,run
DA:1,1
DA:2,1
DA:3,1
DA:4,1
DA:6,2
DA:7,2
DA:8,2
DA:9,2
DA:10,2
DA:11,2
DA:12,2
DA:14,1
DA:16,8
DA:17,8
DA:18,8
DA:19,8
DA:20,8
DA:21,1
DA:22,1
DA:23,8
DA:25,15
DA:26,15
DA:27,15
DA:29,19
DA:30,19
DA:32,19
DA:33,1
DA:34,1
DA:35,1
DA:37,18
DA:38,19
DA:39,6
DA:40,6
DA:41,6
DA:42,19
DA:43,8
DA:44,8
DA:45,2
DA:46,2
DA:47,6
DA:48,6
DA:49,6
DA:50,6
DA:51,6
DA:52,6
DA:53,6
DA:54,12
DA:55,3
DA:56,3
DA:57,4
DA:58,1
DA:59,1
DA:60,19
DA:61,2
DA:62,2
DA:63,19
DA:65,1
DA:66,1
DA:67,0
DA:68,0
LF:60
LH:58
BRDA:66,0,0,0
BRDA:6,1,0,2
BRDA:16,2,0,8
BRDA:20,3,0,1
BRDA:25,4,0,15
BRDA:29,5,0,19
BRDA:32,6,0,1
BRDA:35,7,0,18
BRDA:38,8,0,6
BRDA:42,9,0,12
BRDA:42,10,0,8
BRDA:44,11,0,6
BRDA:44,12,0,2
BRDA:46,13,0,6
BRDA:54,14,0,4
BRDA:54,15,0,3
BRDA:57,16,0,1
BRDA:60,17,0,2
BRDA:48,18,0,2
BRF:19
BRH:18
end_of_record
TN:
SF:src/temp-converter/core.js
FN:9,convertTemperature
FNF:1
FNH:1
FNDA:6,convertTemperature
DA:1,1
DA:2,1
DA:3,1
DA:4,1
DA:5,1
DA:6,1
DA:7,1
DA:8,1
DA:9,1
DA:10,6
DA:11,6
DA:12,6
DA:13,6
DA:14,2
DA:15,2
DA:16,4
DA:17,6
DA:18,2
DA:19,2
DA:20,2
DA:21,2
DA:22,2
DA:23,2
DA:24,6
LF:24
LH:24
BRDA:9,0,0,6
BRDA:13,1,0,5
BRDA:13,2,0,2
BRDA:15,3,0,4
BRDA:17,4,0,2
BRDA:17,5,0,2
BRF:6
BRH:6
end_of_record
TN:
SF:src/temp-converter/index.js
FN:1,(empty-report)
FNF:1
FNH:0
FNDA:0,(empty-report)
DA:1,0
DA:2,0
DA:4,0
DA:5,0
DA:7,0
DA:8,0
DA:9,0
DA:10,0
DA:12,0
DA:13,0
DA:14,0
DA:15,0
DA:17,0
DA:18,0
DA:19,0
DA:20,0
DA:21,0
DA:22,0
DA:23,0
DA:24,0
DA:26,0
DA:27,0
DA:28,0
DA:29,0
DA:30,0
DA:31,0
DA:32,0
DA:33,0
DA:34,0
DA:36,0
LF:30
LH:0
BRDA:1,0,0,0
BRF:1
BRH:0
end_of_record
TN:
SF:src/todo/core.js
FN:9,addTodo
FN:23,toggleTodo
FN:40,removeTodo
FN:45,loadTodos
FN:54,saveTodos
FNF:5
FNH:3
FNDA:4,addTodo
FNDA:2,toggleTodo
FNDA:1,removeTodo
FNDA:0,loadTodos
FNDA:0,saveTodos
DA:1,1
DA:2,1
DA:3,1
DA:4,1
DA:5,1
DA:6,1
DA:7,1
DA:8,1
DA:9,1
DA:10,4
DA:11,4
DA:12,4
DA:13,4
DA:14,4
DA:15,4
DA:16,1
DA:17,1
DA:18,1
DA:19,1
DA:20,1
DA:21,1
DA:22,1
DA:23,1
DA:24,2
DA:25,2
DA:26,2
DA:27,2
DA:28,2
DA:29,2
DA:30,0
DA:31,0
DA:32,2
DA:33,1
DA:34,1
DA:35,1
DA:36,1
DA:37,1
DA:38,1
DA:39,1
DA:40,1
DA:41,1
DA:42,1
DA:43,1
DA:44,1
DA:45,1
DA:46,0
DA:47,0
DA:48,0
DA:49,0
DA:50,0
DA:51,0
DA:52,0
DA:53,1
DA:54,1
DA:55,0
DA:56,0
DA:57,0
DA:58,0
DA:59,0
DA:60,0
LF:60
LH:45
BRDA:9,0,0,4
BRDA:23,1,0,2
BRDA:25,2,0,2
BRDA:29,3,0,0
BRDA:40,4,0,1
BRDA:43,5,0,2
BRF:6
BRH:5
end_of_record
TN:
SF:src/todo/index.js
FN:1,(empty-report)
FNF:1
FNH:0
FNDA:0,(empty-report)
DA:1,0
DA:8,0
DA:9,0
DA:10,0
DA:11,0
DA:12,0
DA:13,0
DA:14,0
DA:15,0
DA:16,0
DA:17,0
DA:18,0
DA:19,0
DA:20,0
DA:21,0
DA:22,0
DA:23,0
DA:24,0
DA:25,0
DA:26,0
DA:27,0
DA:28,0
DA:29,0
DA:30,0
DA:31,0
DA:32,0
DA:33,0
DA:34,0
DA:35,0
DA:36,0
DA:37,0
DA:38,0
DA:39,0
DA:40,0
DA:41,0
DA:42,0
DA:43,0
DA:44,0
DA:45,0
DA:46,0
DA:47,0
DA:48,0
DA:49,0
DA:50,0
DA:51,0
DA:52,0
DA:53,0
DA:54,0
DA:55,0
DA:56,0
DA:57,0
DA:58,0
DA:59,0
DA:60,0
DA:61,0
DA:62,0
DA:63,0
DA:64,0
DA:65,0
DA:66,0
DA:67,0
DA:68,0
DA:69,0
DA:70,0
DA:71,0
DA:72,0
DA:73,0
DA:74,0
DA:75,0
DA:76,0
DA:77,0
DA:78,0
DA:79,0
DA:80,0
DA:81,0
DA:82,0
DA:83,0
DA:84,0
DA:85,0
DA:86,0
DA:87,0
DA:88,0
DA:89,0
DA:90,0
DA:91,0
DA:92,0
DA:93,0
DA:94,0
DA:95,0
DA:96,0
DA:97,0
DA:98,0
DA:99,0
DA:100,0
DA:101,0
DA:102,0
DA:103,0
DA:104,0
DA:105,0
DA:106,0
DA:107,0
DA:108,0
DA:109,0
DA:110,0
DA:111,0
DA:112,0
DA:113,0
DA:114,0
DA:115,0
DA:116,0
DA:117,0
LF:111
LH:0
BRDA:1,0,0,0
BRF:1
BRH:0
end_of_record
