<testsuites id="" name="" tests="36" failures="0" skipped="0" errors="0" time="64.37342000000001">
<testsuite name="expense-filter.spec.ts" timestamp="2025-10-28T08:53:12.069Z" hostname="" tests="6" failures="0" skipped="0" time="20.332" errors="0">
<testcase name="Expense Filtering E2E Tests › User selects category filter → list updates with matching items" classname="expense-filter.spec.ts" time="5.867">
</testcase>
<testcase name="Expense Filtering E2E Tests › User selects month filter → list updates with matching items" classname="expense-filter.spec.ts" time="2.264">
</testcase>
<testcase name="Expense Filtering E2E Tests › User applies both filters → AND logic applied correctly" classname="expense-filter.spec.ts" time="5.242">
</testcase>
<testcase name="Expense Filtering E2E Tests › Empty state displays when no matches exist" classname="expense-filter.spec.ts" time="3.836">
</testcase>
<testcase name="Expense Filtering E2E Tests › Clear filters button resets state and shows full list" classname="expense-filter.spec.ts" time="1.648">
</testcase>
<testcase name="Expense Filtering E2E Tests › Filter update completes within 300ms performance target" classname="expense-filter.spec.ts" time="1.475">
</testcase>
</testsuite>
<testsuite name="expense.smoke.spec.ts" timestamp="2025-10-28T08:53:12.069Z" hostname="" tests="3" failures="0" skipped="0" time="6.451" errors="0">
<testcase name="Expense Application Smoke Test › should add expense and verify calculation" classname="expense.smoke.spec.ts" time="1.336">
</testcase>
<testcase name="Expense Application Smoke Test › should handle expense deletion" classname="expense.smoke.spec.ts" time="3.971">
</testcase>
<testcase name="Expense Application Smoke Test › should validate expense input" classname="expense.smoke.spec.ts" time="1.144">
</testcase>
</testsuite>
<testsuite name="quote.smoke.spec.ts" timestamp="2025-10-28T08:53:12.069Z" hostname="" tests="3" failures="0" skipped="0" time="5.69" errors="0">
<testcase name="Quote Application Smoke Test › should display quote interface and allow interaction" classname="quote.smoke.spec.ts" time="4.565">
</testcase>
<testcase name="Quote Application Smoke Test › should handle empty filter gracefully" classname="quote.smoke.spec.ts" time="0.644">
</testcase>
<testcase name="Quote Application Smoke Test › should handle invalid filter gracefully" classname="quote.smoke.spec.ts" time="0.481">
</testcase>
</testsuite>
<testsuite name="quote.spec.js" timestamp="2025-10-28T08:53:12.069Z" hostname="" tests="1" failures="0" skipped="0" time="1.274" errors="0">
<testcase name="filters quotes by author name" classname="quote.spec.js" time="1.274">
</testcase>
</testsuite>
<testsuite name="stopwatch.smoke.spec.ts" timestamp="2025-10-28T08:53:12.069Z" hostname="" tests="7" failures="0" skipped="0" time="21.154" errors="0">
<testcase name="Stopwatch Application Smoke Test › should start timer and verify time display" classname="stopwatch.smoke.spec.ts" time="4.152">
</testcase>
<testcase name="Stopwatch Application Smoke Test › should pause and resume timer" classname="stopwatch.smoke.spec.ts" time="2.574">
</testcase>
<testcase name="Stopwatch Application Smoke Test › should reset timer" classname="stopwatch.smoke.spec.ts" time="2.684">
</testcase>
<testcase name="Stopwatch Application Smoke Test › should add and display laps" classname="stopwatch.smoke.spec.ts" time="3.345">
</testcase>
<testcase name="Stopwatch Application Smoke Test › should clear laps" classname="stopwatch.smoke.spec.ts" time="3.278">
</testcase>
<testcase name="Stopwatch Application Smoke Test › should persist state in localStorage" classname="stopwatch.smoke.spec.ts" time="1.263">
</testcase>
<testcase name="Stopwatch Application Smoke Test › T023: Comprehensive smoke test - Start → Lap → Stop → Export → Reload" classname="stopwatch.smoke.spec.ts" time="3.858">
<system-out>
<![CDATA[✓ Timer running after 1.2s: 00:00:01
✓ First lap recorded
✓ Second lap recorded, 2 laps total
✓ Lap 1 content: Lap 1: 00:00:01
✓ Lap 2 content: Lap 2: 00:00:02
✓ Timer stopped/frozen at: 00:00:02
⚠ Download prompt may have been handled by browser, continuing...
Time before reload: 00:00:02
Time after reload: 00:00:00
✓ State persisted after reload: 2 laps restored
✓ Resume button visible (timer was paused)
✅ T023 Comprehensive Smoke Test: PASSED
]]>
</system-out>
</testcase>
</testsuite>
<testsuite name="temp.smoke.spec.ts" timestamp="2025-10-28T08:53:12.069Z" hostname="" tests="4" failures="0" skipped="0" time="8.724" errors="0">
<testcase name="Temperature Converter Smoke Test › should convert temperature between Celsius and Fahrenheit" classname="temp.smoke.spec.ts" time="1.28">
</testcase>
<testcase name="Temperature Converter Smoke Test › should handle invalid input gracefully" classname="temp.smoke.spec.ts" time="2.926">
</testcase>
<testcase name="Temperature Converter Smoke Test › should clear inputs" classname="temp.smoke.spec.ts" time="0.832">
</testcase>
<testcase name="Temperature Converter Smoke Test › should show conversion history" classname="temp.smoke.spec.ts" time="3.686">
</testcase>
</testsuite>
<testsuite name="todo-filter.spec.ts" timestamp="2025-10-28T08:53:12.069Z" hostname="" tests="7" failures="0" skipped="0" time="55.702" errors="0">
<testcase name="To-Do Filtering E2E Tests › User clicks status filter (Pending) → list updates with pending tasks" classname="todo-filter.spec.ts" time="10.483">
</testcase>
<testcase name="To-Do Filtering E2E Tests › User clicks status filter (Completed) → list updates with completed tasks" classname="todo-filter.spec.ts" time="9.575">
</testcase>
<testcase name="To-Do Filtering E2E Tests › User selects priority filter → list updates with matching items" classname="todo-filter.spec.ts" time="7.068">
</testcase>
<testcase name="To-Do Filtering E2E Tests › User applies both filters (status + priority) → AND logic applied correctly" classname="todo-filter.spec.ts" time="7.051">
</testcase>
<testcase name="To-Do Filtering E2E Tests › Empty state displays when no matches exist" classname="todo-filter.spec.ts" time="7.032">
</testcase>
<testcase name="To-Do Filtering E2E Tests › Clear filters button resets state and shows full list" classname="todo-filter.spec.ts" time="7.082">
</testcase>
<testcase name="To-Do Filtering E2E Tests › Filter update completes within 300ms performance target" classname="todo-filter.spec.ts" time="7.411">
</testcase>
</testsuite>
<testsuite name="todo.smoke.spec.ts" timestamp="2025-10-28T08:53:12.069Z" hostname="" tests="5" failures="0" skipped="0" time="3.879" errors="0">
<testcase name="Todo Application Smoke Test › should add task and mark as complete" classname="todo.smoke.spec.ts" time="1.515">
</testcase>
<testcase name="Todo Application Smoke Test › should delete completed tasks" classname="todo.smoke.spec.ts" time="0.495">
</testcase>
<testcase name="Todo Application Smoke Test › should filter tasks by status" classname="todo.smoke.spec.ts" time="1.341">
</testcase>
<testcase name="Todo Application Smoke Test › should handle empty task input" classname="todo.smoke.spec.ts" time="0.255">
</testcase>
<testcase name="Todo Application Smoke Test › should persist tasks in localStorage" classname="todo.smoke.spec.ts" time="0.273">
</testcase>
</testsuite>
</testsuites>