<testsuites id="" name="" tests="22" failures="0" skipped="0" errors="0" time="17.609498">
<testsuite name="expense.smoke.spec.ts" timestamp="2025-10-21T12:02:17.437Z" hostname="" tests="3" failures="0" skipped="0" time="6.544" errors="0">
<testcase name="Expense Application Smoke Test › should add expense and verify calculation" classname="expense.smoke.spec.ts" time="3.291">
</testcase>
<testcase name="Expense Application Smoke Test › should handle expense deletion" classname="expense.smoke.spec.ts" time="1.92">
</testcase>
<testcase name="Expense Application Smoke Test › should validate expense input" classname="expense.smoke.spec.ts" time="1.333">
</testcase>
</testsuite>
<testsuite name="quote.smoke.spec.ts" timestamp="2025-10-21T12:02:17.437Z" hostname="" tests="3" failures="0" skipped="0" time="5.519" errors="0">
<testcase name="Quote Application Smoke Test › should display quote interface and allow interaction" classname="quote.smoke.spec.ts" time="3.237">
</testcase>
<testcase name="Quote Application Smoke Test › should handle empty filter gracefully" classname="quote.smoke.spec.ts" time="1.412">
</testcase>
<testcase name="Quote Application Smoke Test › should handle invalid filter gracefully" classname="quote.smoke.spec.ts" time="0.87">
</testcase>
</testsuite>
<testsuite name="quote.spec.js" timestamp="2025-10-21T12:02:17.437Z" hostname="" tests="1" failures="0" skipped="0" time="3.041" errors="0">
<testcase name="filters quotes by author name" classname="quote.spec.js" time="3.041">
</testcase>
</testsuite>
<testsuite name="stopwatch.smoke.spec.ts" timestamp="2025-10-21T12:02:17.437Z" hostname="" tests="6" failures="0" skipped="0" time="15.53" errors="0">
<testcase name="Stopwatch Application Smoke Test › should start timer and verify time display" classname="stopwatch.smoke.spec.ts" time="3.45">
</testcase>
<testcase name="Stopwatch Application Smoke Test › should pause and resume timer" classname="stopwatch.smoke.spec.ts" time="3.869">
</testcase>
<testcase name="Stopwatch Application Smoke Test › should reset timer" classname="stopwatch.smoke.spec.ts" time="2.419">
</testcase>
<testcase name="Stopwatch Application Smoke Test › should add and display laps" classname="stopwatch.smoke.spec.ts" time="3.118">
</testcase>
<testcase name="Stopwatch Application Smoke Test › should clear laps" classname="stopwatch.smoke.spec.ts" time="1.405">
</testcase>
<testcase name="Stopwatch Application Smoke Test › should persist state in localStorage" classname="stopwatch.smoke.spec.ts" time="1.269">
</testcase>
</testsuite>
<testsuite name="temp.smoke.spec.ts" timestamp="2025-10-21T12:02:17.437Z" hostname="" tests="4" failures="0" skipped="0" time="9.07" errors="0">
<testcase name="Temperature Converter Smoke Test › should convert temperature between Celsius and Fahrenheit" classname="temp.smoke.spec.ts" time="2.557">
</testcase>
<testcase name="Temperature Converter Smoke Test › should handle invalid input gracefully" classname="temp.smoke.spec.ts" time="2.203">
</testcase>
<testcase name="Temperature Converter Smoke Test › should clear inputs" classname="temp.smoke.spec.ts" time="1.626">
</testcase>
<testcase name="Temperature Converter Smoke Test › should show conversion history" classname="temp.smoke.spec.ts" time="2.684">
</testcase>
</testsuite>
<testsuite name="todo.smoke.spec.ts" timestamp="2025-10-21T12:02:17.437Z" hostname="" tests="5" failures="0" skipped="0" time="7.554" errors="0">
<testcase name="Todo Application Smoke Test › should add task and mark as complete" classname="todo.smoke.spec.ts" time="2.319">
</testcase>
<testcase name="Todo Application Smoke Test › should delete completed tasks" classname="todo.smoke.spec.ts" time="1.536">
</testcase>
<testcase name="Todo Application Smoke Test › should filter tasks by status" classname="todo.smoke.spec.ts" time="2.681">
</testcase>
<testcase name="Todo Application Smoke Test › should handle empty task input" classname="todo.smoke.spec.ts" time="0.56">
</testcase>
<testcase name="Todo Application Smoke Test › should persist tasks in localStorage" classname="todo.smoke.spec.ts" time="0.458">
</testcase>
</testsuite>
</testsuites>